Flutter crash report; please file at https://github.com/flutter/flutter/issues.

## command

flutter run --machine --target lib/main.dart -d macOS --track-widget-creation --start-paused

## exception

StateError: Bad state: No element

```
#0      Stream.first.<anonymous closure> (dart:async/stream.dart:1258:13)
#1      _rootRun (dart:async/zone.dart:1122:38)
#2      _CustomZone.run (dart:async/zone.dart:1023:19)
#3      _CustomZone.runGuarded (dart:async/zone.dart:925:7)
#4      _BufferingStreamSubscription._sendDone.sendDone (dart:async/stream_impl.dart:392:13)
#5      _BufferingStreamSubscription._sendDone (dart:async/stream_impl.dart:402:15)
#6      _BufferingStreamSubscription._close (dart:async/stream_impl.dart:286:7)
#7      _SyncBroadcastStreamController._sendDone.<anonymous closure> (dart:async/broadcast_stream_controller.dart:399:22)
#8      _BroadcastStreamController._forEachListener (dart:async/broadcast_stream_controller.dart:326:15)
#9      _SyncBroadcastStreamController._sendDone (dart:async/broadcast_stream_controller.dart:398:7)
#10     _BroadcastStreamController.close (dart:async/broadcast_stream_controller.dart:274:5)
#11     _rootRun (dart:async/zone.dart:1122:38)
#12     _CustomZone.run (dart:async/zone.dart:1023:19)
#13     _CustomZone.runGuarded (dart:async/zone.dart:925:7)
#14     _BufferingStreamSubscription._sendDone.sendDone (dart:async/stream_impl.dart:392:13)
#15     _BufferingStreamSubscription._sendDone (dart:async/stream_impl.dart:402:15)
#16     _BufferingStreamSubscription._close (dart:async/stream_impl.dart:286:7)
#17     _SinkTransformerStreamSubscription._close (dart:async/stream_transformers.dart:98:11)
#18     _EventSinkWrapper.close (dart:async/stream_transformers.dart:25:11)
#19     _HandlerEventSink.close (dart:async/stream_transformers.dart:254:12)
#20     _SinkTransformerStreamSubscription._handleDone (dart:async/stream_transformers.dart:143:24)
#21     _rootRun (dart:async/zone.dart:1122:38)
#22     _CustomZone.run (dart:async/zone.dart:1023:19)
#23     _CustomZone.runGuarded (dart:async/zone.dart:925:7)
#24     _BufferingStreamSubscription._sendDone.sendDone (dart:async/stream_impl.dart:392:13)
#25     _BufferingStreamSubscription._sendDone (dart:async/stream_impl.dart:402:15)
#26     _DelayedDone.perform (dart:async/stream_impl.dart:613:14)
#27     _StreamImplEvents.handleNext (dart:async/stream_impl.dart:710:11)
#28     _PendingEvents.schedule.<anonymous closure> (dart:async/stream_impl.dart:670:7)
#29     _rootRun (dart:async/zone.dart:1122:38)
#30     _CustomZone.run (dart:async/zone.dart:1023:19)
#31     _CustomZone.runGuarded (dart:async/zone.dart:925:7)
#32     _CustomZone.bindCallbackGuarded.<anonymous closure> (dart:async/zone.dart:965:23)
#33     _rootRun (dart:async/zone.dart:1126:13)
#34     _CustomZone.run (dart:async/zone.dart:1023:19)
#35     _CustomZone.runGuarded (dart:async/zone.dart:925:7)
#36     _CustomZone.bindCallbackGuarded.<anonymous closure> (dart:async/zone.dart:965:23)
#37     _microtaskLoop (dart:async/schedule_microtask.dart:43:21)
#38     _startMicrotaskLoop (dart:async/schedule_microtask.dart:52:5)
#39     _runPendingImmediateCallback (dart:isolate-patch/isolate_patch.dart:118:13)
#40     _RawReceivePortImpl._handleMessage (dart:isolate-patch/isolate_patch.dart:169:5)
```

## flutter doctor

```
[✓] Flutter (Channel master, v1.15.19-pre.17, on Mac OS X 10.15.3 19D76, locale fr-FR)
    • Flutter version 1.15.19-pre.17 at /Users/mac/flutter
    • Framework revision 5b0a79dbdb (11 days ago), 2020-03-08 21:16:01 -0400
    • Engine revision 981c03631e
    • Dart version 2.8.0 (build 2.8.0-dev.12.0 9983424a3c)

[✓] Android toolchain - develop for Android devices (Android SDK version 29.0.2)
    • Android SDK at /Users/mac/Library/Android/sdk
    • Android NDK location not configured (optional; useful for native profiling support)
    • Platform android-29, build-tools 29.0.2
    • Java binary at: /Applications/Android Studio.app/Contents/jre/jdk/Contents/Home/bin/java
    • Java version OpenJDK Runtime Environment (build 1.8.0_202-release-1483-b49-5587405)
    • All Android licenses accepted.

[✓] Xcode - develop for iOS and macOS (Xcode 11.3.1)
    • Xcode at /Applications/Xcode.app/Contents/Developer
    • Xcode 11.3.1, Build version 11C504
    • CocoaPods version 1.8.4

[!] Android Studio (version 3.5)
    • Android Studio at /Applications/Android Studio.app/Contents
    ✗ Flutter plugin not installed; this adds Flutter specific functionality.
    ✗ Dart plugin not installed; this adds Dart specific functionality.
    • Java version OpenJDK Runtime Environment (build 1.8.0_202-release-1483-b49-5587405)

[✓] VS Code (version 1.43.1)
    • VS Code at /Applications/Visual Studio Code.app/Contents
    • Flutter extension version 3.8.1

[✓] Connected device (1 available)
    • macOS • macOS • darwin-x64 • Mac OS X 10.15.3 19D76

! Doctor found issues in 1 category.
```
